{
  "cells": [
    {
      "cell_type": "markdown",
      "metadata": {
        "id": "view-in-github",
        "colab_type": "text"
      },
      "source": [
        "<a href=\"https://colab.research.google.com/github/M-Velazco/python/blob/main/%20directores%20de%20cine\" target=\"_parent\"><img src=\"https://colab.research.google.com/assets/colab-badge.svg\" alt=\"Open In Colab\"/></a>"
      ]
    },
    {
      "cell_type": "markdown",
      "source": [
        "En este ejercicio tendrás que crear una aplicación en Django que almacene datos de directores de cine y luego se puedan ver sus películas, así como una descripción de las mismas.\n",
        "\n",
        "Tienes que personalizar el admin de la aplicación y a su vez crear las vistas de cada una de las partes de la aplicación"
      ],
      "metadata": {
        "id": "gc4SIRhLmBzQ"
      }
    },
    {
      "cell_type": "code",
      "source": [
        "#!/usr/bin/env python\n",
        "\"\"\"Django's command-line utility for administrative tasks.\"\"\"\n",
        "import os\n",
        "import sys\n",
        "\n",
        "\n",
        "def main():\n",
        "    \"\"\"Run administrative tasks.\"\"\"\n",
        "    os.environ.setdefault('DJANGO_SETTINGS_MODULE', 'mysite.settings')\n",
        "    try:\n",
        "        from django.core.management import execute_from_command_line\n",
        "    except ImportError as exc:\n",
        "        raise ImportError(\n",
        "            \"Couldn't import Django. Are you sure it's installed and \"\n",
        "            \"available on your PYTHONPATH environment variable? Did you \"\n",
        "            \"forget to activate a virtual environment?\"\n",
        "        ) from exc\n",
        "    execute_from_command_line(sys.argv)\n",
        "\n",
        "\n",
        "if __name__ == '__main__':\n",
        "    main()"
      ],
      "metadata": {
        "id": "9AALQrZ6mB8P",
        "outputId": "99e73c49-50a1-4f60-f636-f80b3831b644",
        "colab": {
          "base_uri": "https://localhost:8080/",
          "height": 571
        }
      },
      "execution_count": 1,
      "outputs": [
        {
          "output_type": "error",
          "ename": "ImportError",
          "evalue": "ignored",
          "traceback": [
            "\u001b[0;31m---------------------------------------------------------------------------\u001b[0m",
            "\u001b[0;31mModuleNotFoundError\u001b[0m                       Traceback (most recent call last)",
            "\u001b[0;32m<ipython-input-1-cdc321ad8729>\u001b[0m in \u001b[0;36mmain\u001b[0;34m()\u001b[0m\n\u001b[1;32m     10\u001b[0m     \u001b[0;32mtry\u001b[0m\u001b[0;34m:\u001b[0m\u001b[0;34m\u001b[0m\u001b[0;34m\u001b[0m\u001b[0m\n\u001b[0;32m---> 11\u001b[0;31m         \u001b[0;32mfrom\u001b[0m \u001b[0mdjango\u001b[0m\u001b[0;34m.\u001b[0m\u001b[0mcore\u001b[0m\u001b[0;34m.\u001b[0m\u001b[0mmanagement\u001b[0m \u001b[0;32mimport\u001b[0m \u001b[0mexecute_from_command_line\u001b[0m\u001b[0;34m\u001b[0m\u001b[0;34m\u001b[0m\u001b[0m\n\u001b[0m\u001b[1;32m     12\u001b[0m     \u001b[0;32mexcept\u001b[0m \u001b[0mImportError\u001b[0m \u001b[0;32mas\u001b[0m \u001b[0mexc\u001b[0m\u001b[0;34m:\u001b[0m\u001b[0;34m\u001b[0m\u001b[0;34m\u001b[0m\u001b[0m\n",
            "\u001b[0;31mModuleNotFoundError\u001b[0m: No module named 'django'",
            "\nThe above exception was the direct cause of the following exception:\n",
            "\u001b[0;31mImportError\u001b[0m                               Traceback (most recent call last)",
            "\u001b[0;32m<ipython-input-1-cdc321ad8729>\u001b[0m in \u001b[0;36m<cell line: 21>\u001b[0;34m()\u001b[0m\n\u001b[1;32m     20\u001b[0m \u001b[0;34m\u001b[0m\u001b[0m\n\u001b[1;32m     21\u001b[0m \u001b[0;32mif\u001b[0m \u001b[0m__name__\u001b[0m \u001b[0;34m==\u001b[0m \u001b[0;34m'__main__'\u001b[0m\u001b[0;34m:\u001b[0m\u001b[0;34m\u001b[0m\u001b[0;34m\u001b[0m\u001b[0m\n\u001b[0;32m---> 22\u001b[0;31m     \u001b[0mmain\u001b[0m\u001b[0;34m(\u001b[0m\u001b[0;34m)\u001b[0m\u001b[0;34m\u001b[0m\u001b[0;34m\u001b[0m\u001b[0m\n\u001b[0m",
            "\u001b[0;32m<ipython-input-1-cdc321ad8729>\u001b[0m in \u001b[0;36mmain\u001b[0;34m()\u001b[0m\n\u001b[1;32m     11\u001b[0m         \u001b[0;32mfrom\u001b[0m \u001b[0mdjango\u001b[0m\u001b[0;34m.\u001b[0m\u001b[0mcore\u001b[0m\u001b[0;34m.\u001b[0m\u001b[0mmanagement\u001b[0m \u001b[0;32mimport\u001b[0m \u001b[0mexecute_from_command_line\u001b[0m\u001b[0;34m\u001b[0m\u001b[0;34m\u001b[0m\u001b[0m\n\u001b[1;32m     12\u001b[0m     \u001b[0;32mexcept\u001b[0m \u001b[0mImportError\u001b[0m \u001b[0;32mas\u001b[0m \u001b[0mexc\u001b[0m\u001b[0;34m:\u001b[0m\u001b[0;34m\u001b[0m\u001b[0;34m\u001b[0m\u001b[0m\n\u001b[0;32m---> 13\u001b[0;31m         raise ImportError(\n\u001b[0m\u001b[1;32m     14\u001b[0m             \u001b[0;34m\"Couldn't import Django. Are you sure it's installed and \"\u001b[0m\u001b[0;34m\u001b[0m\u001b[0;34m\u001b[0m\u001b[0m\n\u001b[1;32m     15\u001b[0m             \u001b[0;34m\"available on your PYTHONPATH environment variable? Did you \"\u001b[0m\u001b[0;34m\u001b[0m\u001b[0;34m\u001b[0m\u001b[0m\n",
            "\u001b[0;31mImportError\u001b[0m: Couldn't import Django. Are you sure it's installed and available on your PYTHONPATH environment variable? Did you forget to activate a virtual environment?",
            "",
            "\u001b[0;31m---------------------------------------------------------------------------\u001b[0;32m\nNOTE: If your import is failing due to a missing package, you can\nmanually install dependencies using either !pip or !apt.\n\nTo view examples of installing some common dependencies, click the\n\"Open Examples\" button below.\n\u001b[0;31m---------------------------------------------------------------------------\u001b[0m\n"
          ],
          "errorDetails": {
            "actions": [
              {
                "action": "open_url",
                "actionText": "Open Examples",
                "url": "/notebooks/snippets/importing_libraries.ipynb"
              }
            ]
          }
        }
      ]
    }
  ],
  "metadata": {
    "colab": {
      "name": "Te damos la bienvenida a Colaboratory",
      "toc_visible": true,
      "provenance": [],
      "include_colab_link": true
    },
    "kernelspec": {
      "display_name": "Python 3",
      "name": "python3"
    }
  },
  "nbformat": 4,
  "nbformat_minor": 0
}